 /home/ken $ dvc db upgrade
INFO:root:Reading config from file...
INFO:root:Reading config from file...
Current Database Version is V0
Next Upgrade Revision Version will be 1
INFO:root:Reading config from file...
INFO:root:Reading config from file...
INFO:root:Reading config from file...
INFO:root:Reading config from file...
Below files will be applied:
[File Path: sample_revision_sql_files/RV1__create_scm_fundamentals_and_tbls.upgrade.sql]
Going to apply file File Path: sample_revision_sql_files/RV1__create_scm_fundamentals_and_tbls.upgrade.sql .....
You sure you want to continue ? [y/N]: y
INFO:root:Now applying sample_revision_sql_files/RV1__create_scm_fundamentals_and_tbls.upgrade.sql and marking to metadata table
INFO:root:Reading config from file...
INFO:root:Reading config from file...

 /home/ken $ dvc db current
INFO:root:Reading config from file...
INFO:root:Reading config from file...
Database Current Version: V1

