 /home/ken $ dvc db upgrade --head
INFO:root:Reading config from file...
INFO:root:Reading config from file...
Current Database Version is V1
Next Upgrade Revision Version will be 2
INFO:root:Reading config from file...
INFO:root:Reading config from file...
INFO:root:Reading config from file...
INFO:root:Reading config from file...
Below files will be applied:
[File Path: sample_revision_sql_files/RV2__create_scm_datetime_and_tbls.upgrade.sql, File Path: sample_revision_sql_files/RV3__datetime__create_vw_trading_days_since_2021.upgrade.sql]
Going to apply file File Path: sample_revision_sql_files/RV2__create_scm_datetime_and_tbls.upgrade.sql .....
You sure you want to continue ? [y/N]: y
INFO:root:Now applying sample_revision_sql_files/RV2__create_scm_datetime_and_tbls.upgrade.sql and marking to metadata table
INFO:root:Reading config from file...
INFO:root:Reading config from file...
Going to apply file File Path: sample_revision_sql_files/RV3__datetime__create_vw_trading_days_since_2021.upgrade.sql .....
You sure you want to continue ? [y/N]: y
INFO:root:Now applying sample_revision_sql_files/RV3__datetime__create_vw_trading_days_since_2021.upgrade.sql and marking to metadata table
INFO:root:Reading config from file...
INFO:root:Reading config from file...
