 /home/ken $ dvc db downgrade --base --no-confirm
INFO:root:Reading config from file...
INFO:root:Reading config from file...
Current Database Version is V3
Next Downgrade Revision Version will be 3
INFO:root:Reading config from file...
INFO:root:Reading config from file...
INFO:root:Reading config from file...
INFO:root:Reading config from file...
Below files will be applied:
[File Path: sample_revision_sql_files/RV3__datetime__drop_vw_trading_days_since_2021.downgrade.sql, File Path: sample_revision_sql_files/RV2__create_scm_datetime_and_tbls.downgrade.sql, File Path: sample_revision_sql_files/RV1__create_scm_fundamentals_and_tbls.downgrade.sql]
Going to apply file File Path: sample_revision_sql_files/RV3__datetime__drop_vw_trading_days_since_2021.downgrade.sql .....
INFO:root:Now applying sample_revision_sql_files/RV3__datetime__drop_vw_trading_days_since_2021.downgrade.sql and marking to metadata table
INFO:root:Reading config from file...
INFO:root:Reading config from file...
Going to apply file File Path: sample_revision_sql_files/RV2__create_scm_datetime_and_tbls.downgrade.sql .....
INFO:root:Now applying sample_revision_sql_files/RV2__create_scm_datetime_and_tbls.downgrade.sql and marking to metadata table
INFO:root:Reading config from file...
INFO:root:Reading config from file...
Going to apply file File Path: sample_revision_sql_files/RV1__create_scm_fundamentals_and_tbls.downgrade.sql .....
INFO:root:Now applying sample_revision_sql_files/RV1__create_scm_fundamentals_and_tbls.downgrade.sql and marking to metadata table
INFO:root:Reading config from file...
INFO:root:Reading config from file...
